<?xml version="1.0" encoding="UTF-8" ?>
<testsuite errors="1" failures="0" hostname="DESKTOP-3GEB5SQ" name="simpledb.systemtest.BTreeTest" skipped="0" tests="1" time="0.0" timestamp="2023-03-17T15:28:34">
  <properties>
    <property name="testd" value="E:\code\6.830\backup2\simple-db-hw-2022\test" />
    <property name="ant.library.dir" value="D:\Program\JetBrains\IntelliJ IDEA 2021.2.2\lib\ant\lib" />
    <property name="sourceversion" value="11" />
    <property name="ant.file.type" value="file" />
    <property name="java.specification.version" value="17" />
    <property name="lib" value="E:\code\6.830\backup2\simple-db-hw-2022\lib" />
    <property name="ant.project.name" value="simpledb" />
    <property name="sun.cpu.isalist" value="amd64" />
    <property name="sun.jnu.encoding" value="GBK" />
    <property name="build.src" value="E:\code\6.830\backup2\simple-db-hw-2022\bin\src" />
    <property name="dist" value="E:\code\6.830\backup2\simple-db-hw-2022\dist" />
    <property name="java.class.path" value="D:\Program\Java\jdk-17!\java.base;D:\Program\Java\jdk-17!\java.compiler;D:\Program\Java\jdk-17!\java.datatransfer;D:\Program\Java\jdk-17!\java.desktop;D:\Program\Java\jdk-17!\java.instrument;D:\Program\Java\jdk-17!\java.logging;D:\Program\Java\jdk-17!\java.management;D:\Program\Java\jdk-17!\java.management.rmi;D:\Program\Java\jdk-17!\java.naming;D:\Program\Java\jdk-17!\java.net.http;D:\Program\Java\jdk-17!\java.prefs;D:\Program\Java\jdk-17!\java.rmi;D:\Program\Java\jdk-17!\java.scripting;D:\Program\Java\jdk-17!\java.se;D:\Program\Java\jdk-17!\java.security.jgss;D:\Program\Java\jdk-17!\java.security.sasl;D:\Program\Java\jdk-17!\java.smartcardio;D:\Program\Java\jdk-17!\java.sql;D:\Program\Java\jdk-17!\java.sql.rowset;D:\Program\Java\jdk-17!\java.transaction.xa;D:\Program\Java\jdk-17!\java.xml;D:\Program\Java\jdk-17!\java.xml.crypto;D:\Program\Java\jdk-17!\jdk.accessibility;D:\Program\Java\jdk-17!\jdk.attach;D:\Program\Java\jdk-17!\jdk.charsets;D:\Program\Java\jdk-17!\jdk.compiler;D:\Program\Java\jdk-17!\jdk.crypto.cryptoki;D:\Program\Java\jdk-17!\jdk.crypto.ec;D:\Program\Java\jdk-17!\jdk.crypto.mscapi;D:\Program\Java\jdk-17!\jdk.dynalink;D:\Program\Java\jdk-17!\jdk.editpad;D:\Program\Java\jdk-17!\jdk.hotspot.agent;D:\Program\Java\jdk-17!\jdk.httpserver;D:\Program\Java\jdk-17!\jdk.incubator.foreign;D:\Program\Java\jdk-17!\jdk.incubator.vector;D:\Program\Java\jdk-17!\jdk.internal.ed;D:\Program\Java\jdk-17!\jdk.internal.jvmstat;D:\Program\Java\jdk-17!\jdk.internal.le;D:\Program\Java\jdk-17!\jdk.internal.opt;D:\Program\Java\jdk-17!\jdk.internal.vm.ci;D:\Program\Java\jdk-17!\jdk.internal.vm.compiler;D:\Program\Java\jdk-17!\jdk.internal.vm.compiler.management;D:\Program\Java\jdk-17!\jdk.jartool;D:\Program\Java\jdk-17!\jdk.javadoc;D:\Program\Java\jdk-17!\jdk.jcmd;D:\Program\Java\jdk-17!\jdk.jconsole;D:\Program\Java\jdk-17!\jdk.jdeps;D:\Program\Java\jdk-17!\jdk.jdi;D:\Program\Java\jdk-17!\jdk.jdwp.agent;D:\Program\Java\jdk-17!\jdk.jfr;D:\Program\Java\jdk-17!\jdk.jlink;D:\Program\Java\jdk-17!\jdk.jpackage;D:\Program\Java\jdk-17!\jdk.jshell;D:\Program\Java\jdk-17!\jdk.jsobject;D:\Program\Java\jdk-17!\jdk.jstatd;D:\Program\Java\jdk-17!\jdk.localedata;D:\Program\Java\jdk-17!\jdk.management;D:\Program\Java\jdk-17!\jdk.management.agent;D:\Program\Java\jdk-17!\jdk.management.jfr;D:\Program\Java\jdk-17!\jdk.naming.dns;D:\Program\Java\jdk-17!\jdk.naming.rmi;D:\Program\Java\jdk-17!\jdk.net;D:\Program\Java\jdk-17!\jdk.nio.mapmode;D:\Program\Java\jdk-17!\jdk.random;D:\Program\Java\jdk-17!\jdk.sctp;D:\Program\Java\jdk-17!\jdk.security.auth;D:\Program\Java\jdk-17!\jdk.security.jgss;D:\Program\Java\jdk-17!\jdk.unsupported;D:\Program\Java\jdk-17!\jdk.unsupported.desktop;D:\Program\Java\jdk-17!\jdk.xml.dom;D:\Program\Java\jdk-17!\jdk.zipfs;D:\Program\JetBrains\IntelliJ IDEA 2021.2.2\lib\ant\lib\ant-antlr.jar;D:\Program\JetBrains\IntelliJ IDEA 2021.2.2\lib\ant\lib\ant-apache-bcel.jar;D:\Program\JetBrains\IntelliJ IDEA 2021.2.2\lib\ant\lib\ant-apache-bsf.jar;D:\Program\JetBrains\IntelliJ IDEA 2021.2.2\lib\ant\lib\ant-apache-log4j.jar;D:\Program\JetBrains\IntelliJ IDEA 2021.2.2\lib\ant\lib\ant-apache-oro.jar;D:\Program\JetBrains\IntelliJ IDEA 2021.2.2\lib\ant\lib\ant-apache-regexp.jar;D:\Program\JetBrains\IntelliJ IDEA 2021.2.2\lib\ant\lib\ant-apache-resolver.jar;D:\Program\JetBrains\IntelliJ IDEA 2021.2.2\lib\ant\lib\ant-apache-xalan2.jar;D:\Program\JetBrains\IntelliJ IDEA 2021.2.2\lib\ant\lib\ant-commons-logging.jar;D:\Program\JetBrains\IntelliJ IDEA 2021.2.2\lib\ant\lib\ant-commons-net.jar;D:\Program\JetBrains\IntelliJ IDEA 2021.2.2\lib\ant\lib\ant-jai.jar;D:\Program\JetBrains\IntelliJ IDEA 2021.2.2\lib\ant\lib\ant-javamail.jar;D:\Program\JetBrains\IntelliJ IDEA 2021.2.2\lib\ant\lib\ant-jdepend.jar;D:\Program\JetBrains\IntelliJ IDEA 2021.2.2\lib\ant\lib\ant-jmf.jar;D:\Program\JetBrains\IntelliJ IDEA 2021.2.2\lib\ant\lib\ant-jsch.jar;D:\Program\JetBrains\IntelliJ IDEA 2021.2.2\lib\ant\lib\ant-junit.jar;D:\Program\JetBrains\IntelliJ IDEA 2021.2.2\lib\ant\lib\ant-junit4.jar;D:\Program\JetBrains\IntelliJ IDEA 2021.2.2\lib\ant\lib\ant-junitlauncher.jar;D:\Program\JetBrains\IntelliJ IDEA 2021.2.2\lib\ant\lib\ant-launcher.jar;D:\Program\JetBrains\IntelliJ IDEA 2021.2.2\lib\ant\lib\ant-netrexx.jar;D:\Program\JetBrains\IntelliJ IDEA 2021.2.2\lib\ant\lib\ant-swing.jar;D:\Program\JetBrains\IntelliJ IDEA 2021.2.2\lib\ant\lib\ant-testutil.jar;D:\Program\JetBrains\IntelliJ IDEA 2021.2.2\lib\ant\lib\ant-xz.jar;D:\Program\JetBrains\IntelliJ IDEA 2021.2.2\lib\ant\lib\ant.jar;D:\Program\JetBrains\IntelliJ IDEA 2021.2.2\lib\idea_rt.jar" />
    <property name="java.vm.vendor" value="Oracle Corporation" />
    <property name="test.reports" value="E:\code\6.830\backup2\simple-db-hw-2022\testreport" />
    <property name="sun.arch.data.model" value="64" />
    <property name="ant.file.simpledb" value="E:\code\6.830\backup2\simple-db-hw-2022\build.xml" />
    <property name="user.variant" value="" />
    <property name="compile.debug" value="true" />
    <property name="java.vendor.url" value="https://java.oracle.com/" />
    <property name="os.name" value="Windows 10" />
    <property name="java.vm.specification.version" value="17" />
    <property name="user.country" value="CN" />
    <property name="sun.java.launcher" value="SUN_STANDARD" />
    <property name="sun.boot.library.path" value="D:\Program\Java\jdk-17\bin" />
    <property name="sun.java.command" value="com.intellij.rt.ant.execution.AntMain2 -logger com.intellij.rt.ant.execution.IdeaAntLogger2 -inputhandler com.intellij.rt.ant.execution.IdeaInputHandler -buildfile E:\code\6.830\backup2\simple-db-hw-2022\build.xml test-report" />
    <property name="jdk.debug" value="release" />
    <property name="sun.cpu.endian" value="little" />
    <property name="user.home" value="C:\Users\DING" />
    <property name="user.language" value="zh" />
    <property name="java.specification.vendor" value="Oracle Corporation" />
    <property name="java.version.date" value="2021-09-14" />
    <property name="java.home" value="D:\Program\Java\jdk-17" />
    <property name="file.separator" value="\" />
    <property name="basedir" value="E:\code\6.830\backup2\simple-db-hw-2022" />
    <property name="java.vm.compressedOopsMode" value="32-bit" />
    <property name="line.separator" value="&#xd;&#xa;" />
    <property name="ant.java.version" value="17" />
    <property name="java.vm.specification.vendor" value="Oracle Corporation" />
    <property name="java.specification.name" value="Java Platform API Specification" />
    <property name="doc" value="E:\code\6.830\backup2\simple-db-hw-2022\javadoc" />
    <property name="user.script" value="" />
    <property name="sun.management.compiler" value="HotSpot 64-Bit Tiered Compilers" />
    <property name="jarfile" value="E:\code\6.830\backup2\simple-db-hw-2022\dist\simpledb.jar" />
    <property name="java.runtime.version" value="17+35-LTS-2724" />
    <property name="user.name" value="DING" />
    <property name="ant.file" value="E:\code\6.830\backup2\simple-db-hw-2022\build.xml" />
    <property name="path.separator" value=";" />
    <property name="os.version" value="10.0" />
    <property name="build.test" value="E:\code\6.830\backup2\simple-db-hw-2022\bin\test" />
    <property name="java.runtime.name" value="Java(TM) SE Runtime Environment" />
    <property name="ant.project.invoked-targets" value="test-report" />
    <property name="file.encoding" value="UTF-8" />
    <property name="depcache" value="E:\code\6.830\backup2\simple-db-hw-2022\bin\depcache" />
    <property name="java.vm.name" value="Java HotSpot(TM) 64-Bit Server VM" />
    <property name="ant.core.lib" value="D:\Program\JetBrains\IntelliJ IDEA 2021.2.2\lib\ant\lib\ant.jar" />
    <property name="java.vendor.url.bug" value="https://bugreport.java.com/bugreport/" />
    <property name="java.io.tmpdir" value="C:\Users\DING\AppData\Local\Temp\" />
    <property name="java.version" value="17" />
    <property name="src" value="E:\code\6.830\backup2\simple-db-hw-2022\src" />
    <property name="user.dir" value="E:\code\6.830\backup2\simple-db-hw-2022" />
    <property name="os.arch" value="amd64" />
    <property name="java.vm.specification.name" value="Java Virtual Machine Specification" />
    <property name="ant.home" value="D:\Program\JetBrains\IntelliJ IDEA 2021.2.2\lib\ant" />
    <property name="ant.file.type.simpledb" value="file" />
    <property name="sun.os.patch.level" value="" />
    <property name="native.encoding" value="GBK" />
    <property name="ant.version" value="Apache Ant(TM) version 1.10.5 compiled on July 10 2018" />
    <property name="java.library.path" value="D:\Program\Java\jdk-17\bin;C:\Windows\Sun\Java\bin;C:\Windows\system32;C:\Windows;D:\Program\MinGW\mingw-w64\mingw64\bin;D:\Program\CMake\cmake-3.24.0-rc1-windows-x86_64\bin;C:\opencv\build\install\x64\mingw\bin;F:\VMware\VMware Workstation\bin\;D:\Program\Anaconda3;D:\Program\Anaconda3\Library\bin;D:\Program\Anaconda3\Library\mingw-w64\bin;D:\Program\Anaconda3\Library\usr\bin;D:\Program\Anaconda3\Scripts;D:\Program\Java\jdk1.8.0_202\bin;D:\Program\Java\jdk-17\bin;D:\Program\Go\Go1.18\bin;C:\Program Files\Common Files\Oracle\Java\javapath;C:\Windows\system32;C:\Windows;C:\Windows\System32\Wbem;C:\Windows\System32\WindowsPowerShell\v1.0\;C:\Windows\System32\OpenSSH\;C:\Program Files (x86)\NVIDIA Corporation\PhysX\Common;C:\Program Files\NVIDIA Corporation\NVIDIA NvDLISR;D:\Program\texlive\2021\bin\win32;D:\Program\PuTTY\;D:\Program\Git\cmd;D:\Program\Unix-Shell-Commands\UnxUpdates\;D:\Google\Cloud SDK\google-cloud-sdk\bin;D:\MySQL\MySQL Server 5.7\bin;D:\MongoDB\Server\5.0\bin;D:\Program\Maven\apache-maven-3.8.5\bin;D:\Program\protoc-3.16.0-win64\bin;E:\code\goworkspace\bin;D:\Program\Graphviz\bin;C:\Users\DING\AppData\Local\Microsoft\WindowsApps;;D:\Program\PyCharm 2021.2.2\bin;;D:\Program\Microsoft VS Code\bin;D:\Program\JetBrains\GoLand 2022.1.2\bin;;D:\Program\Graphviz\bin;." />
    <property name="java.vendor" value="Oracle Corporation" />
    <property name="java.vm.info" value="mixed mode, sharing" />
    <property name="java.vm.version" value="17+35-LTS-2724" />
    <property name="build" value="E:\code\6.830\backup2\simple-db-hw-2022\bin" />
    <property name="timeoutMs" value="120000" />
    <property name="sun.io.unicode.encoding" value="UnicodeLittle" />
    <property name="java.class.version" value="61.0" />
    <property name="ant.project.default-target" value="dist" />
  </properties>
  <testcase classname="simpledb.systemtest.BTreeTest" name="testBigFile" time="0.0">
    <error message="Timeout occurred. Please note the time in the report does not reflect the time until the timeout." type="junit.framework.AssertionFailedError">junit.framework.AssertionFailedError: Timeout occurred. Please note the time in the report does not reflect the time until the timeout.
	at jdk.internal.reflect.GeneratedMethodAccessor4.invoke(Unknown Source)
	at java.base/jdk.internal.reflect.DelegatingMethodAccessorImpl.invoke(DelegatingMethodAccessorImpl.java:43)
	at java.base/java.util.Vector.forEach(Vector.java:1359)
	at jdk.internal.reflect.GeneratedMethodAccessor4.invoke(Unknown Source)
	at java.base/jdk.internal.reflect.DelegatingMethodAccessorImpl.invoke(DelegatingMethodAccessorImpl.java:43)
	at jdk.internal.reflect.GeneratedMethodAccessor4.invoke(Unknown Source)
	at java.base/jdk.internal.reflect.DelegatingMethodAccessorImpl.invoke(DelegatingMethodAccessorImpl.java:43)
	at java.base/jdk.internal.reflect.NativeMethodAccessorImpl.invoke0(Native Method)
	at java.base/jdk.internal.reflect.NativeMethodAccessorImpl.invoke(NativeMethodAccessorImpl.java:77)
	at java.base/jdk.internal.reflect.DelegatingMethodAccessorImpl.invoke(DelegatingMethodAccessorImpl.java:43)
	at com.intellij.rt.ant.execution.AntMain2.main(AntMain2.java:31)
</error>
  </testcase>
</testsuite>
