<?xml version="1.0" encoding="UTF-8" ?>
<testsuite errors="0" failures="0" hostname="DESKTOP-3GEB5SQ" name="simpledb.systemtest.DeleteTest" skipped="0" tests="5" time="0.572" timestamp="2023-03-17T15:28:34">
  <properties>
    <property name="testd" value="E:\code\6.830\backup2\simple-db-hw-2022\test" />
    <property name="ant.library.dir" value="D:\Program\JetBrains\IntelliJ IDEA 2021.2.2\lib\ant\lib" />
    <property name="sourceversion" value="11" />
    <property name="ant.file.type" value="file" />
    <property name="java.specification.version" value="17" />
    <property name="lib" value="E:\code\6.830\backup2\simple-db-hw-2022\lib" />
    <property name="ant.project.name" value="simpledb" />
    <property name="sun.cpu.isalist" value="amd64" />
    <property name="sun.jnu.encoding" value="GBK" />
    <property name="java.class.path" value="E:\code\6.830\backup2\simple-db-hw-2022\bin\src;E:\code\6.830\backup2\simple-db-hw-2022\lib\zql.jar;E:\code\6.830\backup2\simple-db-hw-2022\lib\jline-0.9.94.jar;E:\code\6.830\backup2\simple-db-hw-2022\bin\test;E:\code\6.830\backup2\simple-db-hw-2022\lib\junit-4.13.1.jar;E:\code\6.830\backup2\simple-db-hw-2022\lib\hamcrest-core-1.3.jar;D:\Program\JetBrains\IntelliJ IDEA 2021.2.2\lib\ant\lib\ant-launcher.jar;D:\Program\JetBrains\IntelliJ IDEA 2021.2.2\lib\ant\lib\ant.jar;D:\Program\JetBrains\IntelliJ IDEA 2021.2.2\lib\ant\lib\ant-junit.jar;D:\Program\JetBrains\IntelliJ IDEA 2021.2.2\lib\ant\lib\ant-junit4.jar" />
    <property name="build.src" value="E:\code\6.830\backup2\simple-db-hw-2022\bin\src" />
    <property name="dist" value="E:\code\6.830\backup2\simple-db-hw-2022\dist" />
    <property name="java.vm.vendor" value="Oracle Corporation" />
    <property name="junit.failed" value="true" />
    <property name="sun.arch.data.model" value="64" />
    <property name="ant.file.simpledb" value="E:\code\6.830\backup2\simple-db-hw-2022\build.xml" />
    <property name="test.reports" value="E:\code\6.830\backup2\simple-db-hw-2022\testreport" />
    <property name="user.variant" value="" />
    <property name="compile.debug" value="true" />
    <property name="java.vendor.url" value="https://java.oracle.com/" />
    <property name="java.vm.specification.version" value="17" />
    <property name="os.name" value="Windows 10" />
    <property name="user.country" value="CN" />
    <property name="sun.java.launcher" value="SUN_STANDARD" />
    <property name="sun.boot.library.path" value="D:\Program\Java\jdk-17\bin" />
    <property name="sun.java.command" value="org.apache.tools.ant.taskdefs.optional.junit.JUnitTestRunner simpledb.systemtest.DeleteTest skipNonTests=false filtertrace=true haltOnError=false haltOnFailure=false formatter=org.apache.tools.ant.taskdefs.optional.junit.SummaryJUnitResultFormatter showoutput=false outputtoformatters=true logfailedtests=true threadid=0 logtestlistenerevents=false formatter=org.apache.tools.ant.taskdefs.optional.junit.PlainJUnitResultFormatter formatter=org.apache.tools.ant.taskdefs.optional.junit.XMLJUnitResultFormatter,E:\code\6.830\backup2\simple-db-hw-2022\testreport\TEST-simpledb.systemtest.DeleteTest.xml formatter=org.apache.tools.ant.taskdefs.optional.junit.PlainJUnitResultFormatter,E:\code\6.830\backup2\simple-db-hw-2022\testreport\TEST-simpledb.systemtest.DeleteTest.txt crashfile=E:\code\6.830\backup2\simple-db-hw-2022\junitvmwatcher10753651869314655830.properties propsfile=E:\code\6.830\backup2\simple-db-hw-2022\junit7636448753332684454.properties" />
    <property name="jdk.debug" value="release" />
    <property name="sun.cpu.endian" value="little" />
    <property name="user.home" value="C:\Users\DING" />
    <property name="user.language" value="zh" />
    <property name="java.specification.vendor" value="Oracle Corporation" />
    <property name="java.version.date" value="2021-09-14" />
    <property name="java.home" value="D:\Program\Java\jdk-17" />
    <property name="file.separator" value="\" />
    <property name="basedir" value="E:\code\6.830\backup2\simple-db-hw-2022" />
    <property name="java.vm.compressedOopsMode" value="32-bit" />
    <property name="line.separator" value="&#xd;&#xa;" />
    <property name="ant.java.version" value="17" />
    <property name="java.vm.specification.vendor" value="Oracle Corporation" />
    <property name="java.specification.name" value="Java Platform API Specification" />
    <property name="doc" value="E:\code\6.830\backup2\simple-db-hw-2022\javadoc" />
    <property name="user.script" value="" />
    <property name="sun.management.compiler" value="HotSpot 64-Bit Tiered Compilers" />
    <property name="jarfile" value="E:\code\6.830\backup2\simple-db-hw-2022\dist\simpledb.jar" />
    <property name="java.runtime.version" value="17+35-LTS-2724" />
    <property name="user.name" value="DING" />
    <property name="ant.file" value="E:\code\6.830\backup2\simple-db-hw-2022\build.xml" />
    <property name="path.separator" value=";" />
    <property name="os.version" value="10.0" />
    <property name="build.test" value="E:\code\6.830\backup2\simple-db-hw-2022\bin\test" />
    <property name="java.runtime.name" value="Java(TM) SE Runtime Environment" />
    <property name="file.encoding" value="GBK" />
    <property name="ant.project.invoked-targets" value="test-report" />
    <property name="depcache" value="E:\code\6.830\backup2\simple-db-hw-2022\bin\depcache" />
    <property name="java.vm.name" value="Java HotSpot(TM) 64-Bit Server VM" />
    <property name="ant.core.lib" value="D:\Program\JetBrains\IntelliJ IDEA 2021.2.2\lib\ant\lib\ant.jar" />
    <property name="java.vendor.url.bug" value="https://bugreport.java.com/bugreport/" />
    <property name="java.io.tmpdir" value="C:\Users\DING\AppData\Local\Temp\" />
    <property name="java.version" value="17" />
    <property name="src" value="E:\code\6.830\backup2\simple-db-hw-2022\src" />
    <property name="user.dir" value="E:\code\6.830\backup2\simple-db-hw-2022" />
    <property name="os.arch" value="amd64" />
    <property name="java.vm.specification.name" value="Java Virtual Machine Specification" />
    <property name="ant.file.type.simpledb" value="file" />
    <property name="ant.home" value="D:\Program\JetBrains\IntelliJ IDEA 2021.2.2\lib\ant" />
    <property name="sun.os.patch.level" value="" />
    <property name="native.encoding" value="GBK" />
    <property name="ant.version" value="Apache Ant(TM) version 1.10.5 compiled on July 10 2018" />
    <property name="java.library.path" value="D:\Program\Java\jdk-17\bin;C:\Windows\Sun\Java\bin;C:\Windows\system32;C:\Windows;D:\Program\MinGW\mingw-w64\mingw64\bin;D:\Program\CMake\cmake-3.24.0-rc1-windows-x86_64\bin;C:\opencv\build\install\x64\mingw\bin;F:\VMware\VMware Workstation\bin\;D:\Program\Anaconda3;D:\Program\Anaconda3\Library\bin;D:\Program\Anaconda3\Library\mingw-w64\bin;D:\Program\Anaconda3\Library\usr\bin;D:\Program\Anaconda3\Scripts;D:\Program\Java\jdk1.8.0_202\bin;D:\Program\Java\jdk-17\bin;D:\Program\Go\Go1.18\bin;C:\Program Files\Common Files\Oracle\Java\javapath;C:\Windows\system32;C:\Windows;C:\Windows\System32\Wbem;C:\Windows\System32\WindowsPowerShell\v1.0\;C:\Windows\System32\OpenSSH\;C:\Program Files (x86)\NVIDIA Corporation\PhysX\Common;C:\Program Files\NVIDIA Corporation\NVIDIA NvDLISR;D:\Program\texlive\2021\bin\win32;D:\Program\PuTTY\;D:\Program\Git\cmd;D:\Program\Unix-Shell-Commands\UnxUpdates\;D:\Google\Cloud SDK\google-cloud-sdk\bin;D:\MySQL\MySQL Server 5.7\bin;D:\MongoDB\Server\5.0\bin;D:\Program\Maven\apache-maven-3.8.5\bin;D:\Program\protoc-3.16.0-win64\bin;E:\code\goworkspace\bin;D:\Program\Graphviz\bin;C:\Users\DING\AppData\Local\Microsoft\WindowsApps;;D:\Program\PyCharm 2021.2.2\bin;;D:\Program\Microsoft VS Code\bin;D:\Program\JetBrains\GoLand 2022.1.2\bin;;D:\Program\Graphviz\bin;." />
    <property name="java.vm.info" value="mixed mode, sharing" />
    <property name="java.vendor" value="Oracle Corporation" />
    <property name="build" value="E:\code\6.830\backup2\simple-db-hw-2022\bin" />
    <property name="java.vm.version" value="17+35-LTS-2724" />
    <property name="timeoutMs" value="120000" />
    <property name="sun.io.unicode.encoding" value="UnicodeLittle" />
    <property name="java.class.version" value="61.0" />
    <property name="ant.project.default-target" value="dist" />
  </properties>
  <testcase classname="simpledb.systemtest.DeleteTest" name="testLessThan" time="0.162" />
  <testcase classname="simpledb.systemtest.DeleteTest" name="testLessThanOrEq" time="0.085" />
  <testcase classname="simpledb.systemtest.DeleteTest" name="testGreaterThanOrEq" time="0.103" />
  <testcase classname="simpledb.systemtest.DeleteTest" name="testGreaterThan" time="0.075" />
  <testcase classname="simpledb.systemtest.DeleteTest" name="testEquals" time="0.097" />
  <system-out><![CDATA[]]></system-out>
  <system-err><![CDATA[]]></system-err>
</testsuite>
